<?xml version="1.0" encoding="UTF-8"?>
<!-- Generated by org.testng.reporters.JUnitXMLReporter -->
<testsuite ignored="0" hostname="FFE-PraveenM-FFE171" failures="0" tests="4" name="Default test" time="15.998" errors="0" timestamp="2025-05-21T22:39:36 IST">
  <testcase classname="api.test.StoreTests" name="getInventory" time="5.219"/>
  <testcase classname="api.test.StoreTests" name="postORDER" time="5.089"/>
  <testcase classname="api.test.StoreTests" name="getOrder" time="3.67"/>
  <testcase classname="api.test.StoreTests" name="deleteOrder" time="1.676"/>
</testsuite> <!-- Default test -->
