<?xml version="1.0" encoding="UTF-8"?>
<!-- Generated by org.testng.reporters.JUnitXMLReporter -->
<testsuite ignored="0" hostname="FFE-PraveenM-FFE171" failures="0" tests="4" name="Default test" time="14.385" errors="0" timestamp="2025-05-16T07:48:17 IST">
  <testcase classname="api.test.UserTests_propertiesFile" name="testPostUserByName" time="3.251"/>
  <testcase classname="api.test.UserTests_propertiesFile" name="testGetUserByName" time="3.609"/>
  <testcase classname="api.test.UserTests_propertiesFile" name="testUpdateUserByName" time="5.885"/>
  <testcase classname="api.test.UserTests_propertiesFile" name="testDeleteUserByName" time="1.453"/>
</testsuite> <!-- Default test -->
