<?xml version="1.0" encoding="UTF-8"?>
<!-- Generated by org.testng.reporters.JUnitXMLReporter -->
<testsuite ignored="0" hostname="FFE-PraveenM-FFE171" failures="0" tests="6" name="Test" time="30.294" errors="0" timestamp="2025-05-15T08:44:06 IST">
  <testcase classname="api.test.DDTests" name="testPostUserByName" time="7.157"/>
  <testcase classname="api.test.DDTests" name="testPostUserByName" time="3.716"/>
  <testcase classname="api.test.DDTests" name="testPostUserByName" time="3.543"/>
  <testcase classname="api.test.DDTests" name="testDeleteUserByName" time="3.63"/>
  <testcase classname="api.test.DDTests" name="testDeleteUserByName" time="3.985"/>
  <testcase classname="api.test.DDTests" name="testDeleteUserByName" time="3.79"/>
</testsuite> <!-- Test -->
