<?xml version="1.0" encoding="UTF-8"?>
<testng-results ignored="0" total="4" passed="4" failed="0" skipped="0">
  <reporter-output>
  </reporter-output>
  <suite started-at="2025-05-16T07:48:03 IST" name="Default suite" finished-at="2025-05-16T07:48:17 IST" duration-ms="14385">
    <groups>
    </groups>
    <test started-at="2025-05-16T07:48:03 IST" name="Default test" finished-at="2025-05-16T07:48:17 IST" duration-ms="14385">
      <class name="api.test.UserTests_propertiesFile">
        <test-method is-config="true" signature="setupdata()[pri:0, instance:api.test.UserTests_propertiesFile@5afa3c9]" started-at="2025-05-16T07:48:03 IST" name="setupdata" finished-at="2025-05-16T07:48:03 IST" duration-ms="146" status="PASS">
          <reporter-output>
          </reporter-output>
        </test-method> <!-- setupdata -->
        <test-method signature="testPostUserByName()[pri:1, instance:api.test.UserTests_propertiesFile@5afa3c9]" started-at="2025-05-16T07:48:03 IST" name="testPostUserByName" finished-at="2025-05-16T07:48:06 IST" duration-ms="3251" status="PASS">
          <reporter-output>
          </reporter-output>
        </test-method> <!-- testPostUserByName -->
        <test-method signature="testGetUserByName()[pri:2, instance:api.test.UserTests_propertiesFile@5afa3c9]" started-at="2025-05-16T07:48:06 IST" name="testGetUserByName" finished-at="2025-05-16T07:48:10 IST" duration-ms="3609" status="PASS">
          <reporter-output>
          </reporter-output>
        </test-method> <!-- testGetUserByName -->
        <test-method signature="testUpdateUserByName()[pri:3, instance:api.test.UserTests_propertiesFile@5afa3c9]" started-at="2025-05-16T07:48:10 IST" name="testUpdateUserByName" finished-at="2025-05-16T07:48:16 IST" duration-ms="5885" status="PASS">
          <reporter-output>
          </reporter-output>
        </test-method> <!-- testUpdateUserByName -->
        <test-method signature="testDeleteUserByName()[pri:4, instance:api.test.UserTests_propertiesFile@5afa3c9]" started-at="2025-05-16T07:48:16 IST" name="testDeleteUserByName" finished-at="2025-05-16T07:48:17 IST" duration-ms="1453" status="PASS">
          <reporter-output>
          </reporter-output>
        </test-method> <!-- testDeleteUserByName -->
      </class> <!-- api.test.UserTests_propertiesFile -->
    </test> <!-- Default test -->
  </suite> <!-- Default suite -->
</testng-results>
