<?xml version="1.0" encoding="UTF-8"?>
<testng-results ignored="0" total="4" passed="4" failed="0" skipped="0">
  <reporter-output>
  </reporter-output>
  <suite started-at="2025-05-21T22:39:20 IST" name="Default suite" finished-at="2025-05-21T22:39:36 IST" duration-ms="15998">
    <groups>
    </groups>
    <test started-at="2025-05-21T22:39:20 IST" name="Default test" finished-at="2025-05-21T22:39:36 IST" duration-ms="15998">
      <class name="api.test.StoreTests">
        <test-method is-config="true" signature="setUpData()[pri:0, instance:api.test.StoreTests@909217e]" started-at="2025-05-21T22:39:20 IST" name="setUpData" finished-at="2025-05-21T22:39:21 IST" duration-ms="177" status="PASS">
          <reporter-output>
          </reporter-output>
        </test-method> <!-- setUpData -->
        <test-method signature="getInventory()[pri:1, instance:api.test.StoreTests@909217e]" started-at="2025-05-21T22:39:21 IST" name="getInventory" finished-at="2025-05-21T22:39:26 IST" duration-ms="5219" status="PASS">
          <reporter-output>
          </reporter-output>
        </test-method> <!-- getInventory -->
        <test-method signature="postORDER()[pri:2, instance:api.test.StoreTests@909217e]" started-at="2025-05-21T22:39:26 IST" name="postORDER" finished-at="2025-05-21T22:39:31 IST" duration-ms="5089" status="PASS">
          <reporter-output>
          </reporter-output>
        </test-method> <!-- postORDER -->
        <test-method signature="getOrder()[pri:3, instance:api.test.StoreTests@909217e]" started-at="2025-05-21T22:39:31 IST" name="getOrder" finished-at="2025-05-21T22:39:35 IST" depends-on-methods="api.test.StoreTests.postORDER" duration-ms="3670" status="PASS">
          <reporter-output>
          </reporter-output>
        </test-method> <!-- getOrder -->
        <test-method signature="deleteOrder()[pri:4, instance:api.test.StoreTests@909217e]" started-at="2025-05-21T22:39:35 IST" name="deleteOrder" finished-at="2025-05-21T22:39:36 IST" depends-on-methods="api.test.StoreTests.postORDER" duration-ms="1676" status="PASS">
          <reporter-output>
          </reporter-output>
        </test-method> <!-- deleteOrder -->
      </class> <!-- api.test.StoreTests -->
    </test> <!-- Default test -->
  </suite> <!-- Default suite -->
</testng-results>
